<?xml version="1.0" encoding="UTF-8"?>
<!-- Generated by org.testng.reporters.JUnitXMLReporter -->
<testsuite hostname="TH1554" ignored="0" name="ApplyLeave_Test" tests="10" failures="2" timestamp="26 Mar 2018 07:08:55 GMT" time="110.954" errors="0">
  <testcase name="@AfterMethod after_test" time="0.0" classname="com.milvik.mip.leavemanagement.testrunner.MIP_ApplyLeave_Test">
    <failure type="org.openqa.selenium.SessionNotCreatedException" message="Tried to run command without establishing a connection
Build info: version: &amp;apos;3.8.1&amp;apos;, revision: &amp;apos;6e95a6684b&amp;apos;, time: &amp;apos;2017-12-01T18:33:54.468Z&amp;apos;
System info: host: &amp;apos;TH1554&amp;apos;, ip: &amp;apos;172.16.10.63&amp;apos;, os.name: &amp;apos;Windows 8.1&amp;apos;, os.arch: &amp;apos;amd64&amp;apos;, os.version: &amp;apos;6.3&amp;apos;, java.version: &amp;apos;1.8.0_121&amp;apos;
Driver info: org.openqa.selenium.firefox.FirefoxDriver
Capabilities {acceptInsecureCerts: true, browserName: firefox, browserVersion: 57.0, javascriptEnabled: true, moz:accessibilityChecks: false, moz:headless: false, moz:processID: 7180, moz:profile: C:\Users\srilatha_yajnanara..., moz:webdriverClick: false, pageLoadStrategy: normal, platform: XP, platformName: XP, platformVersion: 6.3, rotatable: false, timeouts: {implicit: 0, pageLoad: 300000, script: 30000}}
Session ID: df221d05-ee24-4273-8596-ecbcf1c6e781">
      <![CDATA[org.openqa.selenium.SessionNotCreatedException: Tried to run command without establishing a connection
Build info: version: '3.8.1', revision: '6e95a6684b', time: '2017-12-01T18:33:54.468Z'
System info: host: 'TH1554', ip: '172.16.10.63', os.name: 'Windows 8.1', os.arch: 'amd64', os.version: '6.3', java.version: '1.8.0_121'
Driver info: org.openqa.selenium.firefox.FirefoxDriver
Capabilities {acceptInsecureCerts: true, browserName: firefox, browserVersion: 57.0, javascriptEnabled: true, moz:accessibilityChecks: false, moz:headless: false, moz:processID: 7180, moz:profile: C:\Users\srilatha_yajnanara..., moz:webdriverClick: false, pageLoadStrategy: normal, platform: XP, platformName: XP, platformVersion: 6.3, rotatable: false, timeouts: {implicit: 0, pageLoad: 300000, script: 30000}}
Session ID: df221d05-ee24-4273-8596-ecbcf1c6e781
	at org.openqa.selenium.remote.http.W3CHttpResponseCodec.createException(W3CHttpResponseCodec.java:187)
	at org.openqa.selenium.remote.http.W3CHttpResponseCodec.decode(W3CHttpResponseCodec.java:122)
	at org.openqa.selenium.remote.http.W3CHttpResponseCodec.decode(W3CHttpResponseCodec.java:49)
	at org.openqa.selenium.remote.HttpCommandExecutor.execute(HttpCommandExecutor.java:164)
	at org.openqa.selenium.remote.service.DriverCommandExecutor.execute(DriverCommandExecutor.java:83)
	at org.openqa.selenium.remote.RemoteWebDriver.execute(RemoteWebDriver.java:601)
	at org.openqa.selenium.remote.RemoteWebDriver.execute(RemoteWebDriver.java:658)
	at org.openqa.selenium.remote.RemoteWebDriver.getScreenshotAs(RemoteWebDriver.java:343)
	at com.milvik.mip.utility.MIP_ScreenShots.takeScreenShot(MIP_ScreenShots.java:19)
	at com.milvik.mip.leavemanagement.testrunner.MIP_ApplyLeave_Test.after_test(MIP_ApplyLeave_Test.java:278)
... Removed 31 stack frames]]>
    </failure>
  </testcase> <!-- @AfterMethod after_test -->
  <testcase name="@BeforeMethod startTest" time="0.0" classname="com.milvik.mip.leavemanagement.testrunner.MIP_ApplyLeave_Test">
    <skipped/>
  </testcase> <!-- @BeforeMethod startTest -->
  <testcase name="@BeforeMethod startTest" time="0.0" classname="com.milvik.mip.leavemanagement.testrunner.MIP_ApplyLeave_Test">
    <skipped/>
  </testcase> <!-- @BeforeMethod startTest -->
  <testcase name="@BeforeMethod startTest" time="0.0" classname="com.milvik.mip.leavemanagement.testrunner.MIP_ApplyLeave_Test">
    <skipped/>
  </testcase> <!-- @BeforeMethod startTest -->
  <testcase name="@BeforeMethod startTest" time="0.0" classname="com.milvik.mip.leavemanagement.testrunner.MIP_ApplyLeave_Test">
    <skipped/>
  </testcase> <!-- @BeforeMethod startTest -->
  <testcase name="@BeforeMethod startTest" time="0.0" classname="com.milvik.mip.leavemanagement.testrunner.MIP_ApplyLeave_Test">
    <skipped/>
  </testcase> <!-- @BeforeMethod startTest -->
  <testcase name="@BeforeMethod startTest" time="0.0" classname="com.milvik.mip.leavemanagement.testrunner.MIP_ApplyLeave_Test">
    <skipped/>
  </testcase> <!-- @BeforeMethod startTest -->
  <testcase name="@BeforeMethod startTest" time="0.0" classname="com.milvik.mip.leavemanagement.testrunner.MIP_ApplyLeave_Test">
    <skipped/>
  </testcase> <!-- @BeforeMethod startTest -->
  <testcase name="applyLeaveFour" time="26.033" classname="com.milvik.mip.leavemanagement.testrunner.MIP_ApplyLeave_Test"/>
  <testcase name="applyLeaveFour" time="72.426" classname="com.milvik.mip.leavemanagement.testrunner.MIP_ApplyLeave_Test">
    <failure type="org.openqa.selenium.TimeoutException" message="Expected condition failed: waiting for visibility of element located by By.xpath: //table/tbody/tr/td/div/div[2]/table/tbody//tr//td/div[@class=&amp;apos;DynarchCalendar-day&amp;apos; ][contains(text(),&amp;apos;30&amp;apos;)] (tried for 30 second(s) with 500 MILLISECONDS interval)
Build info: version: &amp;apos;3.8.1&amp;apos;, revision: &amp;apos;6e95a6684b&amp;apos;, time: &amp;apos;2017-12-01T18:33:54.468Z&amp;apos;
System info: host: &amp;apos;TH1554&amp;apos;, ip: &amp;apos;172.16.10.63&amp;apos;, os.name: &amp;apos;Windows 8.1&amp;apos;, os.arch: &amp;apos;amd64&amp;apos;, os.version: &amp;apos;6.3&amp;apos;, java.version: &amp;apos;1.8.0_121&amp;apos;
Driver info: org.openqa.selenium.firefox.FirefoxDriver
Capabilities {acceptInsecureCerts: true, browserName: firefox, browserVersion: 57.0, javascriptEnabled: true, moz:accessibilityChecks: false, moz:headless: false, moz:processID: 7180, moz:profile: C:\Users\srilatha_yajnanara..., moz:webdriverClick: false, pageLoadStrategy: normal, platform: XP, platformName: XP, platformVersion: 6.3, rotatable: false, timeouts: {implicit: 0, pageLoad: 300000, script: 30000}}
Session ID: df221d05-ee24-4273-8596-ecbcf1c6e781">
      <![CDATA[org.openqa.selenium.TimeoutException: Expected condition failed: waiting for visibility of element located by By.xpath: //table/tbody/tr/td/div/div[2]/table/tbody//tr//td/div[@class='DynarchCalendar-day' ][contains(text(),'30')] (tried for 30 second(s) with 500 MILLISECONDS interval)
Build info: version: '3.8.1', revision: '6e95a6684b', time: '2017-12-01T18:33:54.468Z'
System info: host: 'TH1554', ip: '172.16.10.63', os.name: 'Windows 8.1', os.arch: 'amd64', os.version: '6.3', java.version: '1.8.0_121'
Driver info: org.openqa.selenium.firefox.FirefoxDriver
Capabilities {acceptInsecureCerts: true, browserName: firefox, browserVersion: 57.0, javascriptEnabled: true, moz:accessibilityChecks: false, moz:headless: false, moz:processID: 7180, moz:profile: C:\Users\srilatha_yajnanara..., moz:webdriverClick: false, pageLoadStrategy: normal, platform: XP, platformName: XP, platformVersion: 6.3, rotatable: false, timeouts: {implicit: 0, pageLoad: 300000, script: 30000}}
Session ID: df221d05-ee24-4273-8596-ecbcf1c6e781
	at org.openqa.selenium.support.ui.WebDriverWait.timeoutException(WebDriverWait.java:82)
	at org.openqa.selenium.support.ui.FluentWait.until(FluentWait.java:231)
	at com.milvik.mip.pageutil.MIP_BasePage.waitForElementToVisible(MIP_BasePage.java:51)
	at com.milvik.mip.pageobjects.MIP_ApplyLeavePage.selectToLeaveDate(MIP_ApplyLeavePage.java:265)
	at com.milvik.mip.leavemanagement.testrunner.MIP_ApplyLeave_Test.applyLeaveFour(MIP_ApplyLeave_Test.java:224)
... Removed 25 stack frames]]>
    </failure>
  </testcase> <!-- applyLeaveFour -->
  <testcase name="applyLeaveFour" time="10.196" classname="com.milvik.mip.leavemanagement.testrunner.MIP_ApplyLeave_Test">
    <failure type="org.openqa.selenium.WebDriverException" message="Failed to decode response from marionette
Build info: version: &amp;apos;3.8.1&amp;apos;, revision: &amp;apos;6e95a6684b&amp;apos;, time: &amp;apos;2017-12-01T18:33:54.468Z&amp;apos;
System info: host: &amp;apos;TH1554&amp;apos;, ip: &amp;apos;172.16.10.63&amp;apos;, os.name: &amp;apos;Windows 8.1&amp;apos;, os.arch: &amp;apos;amd64&amp;apos;, os.version: &amp;apos;6.3&amp;apos;, java.version: &amp;apos;1.8.0_121&amp;apos;
Driver info: org.openqa.selenium.firefox.FirefoxDriver
Capabilities {acceptInsecureCerts: true, browserName: firefox, browserVersion: 57.0, javascriptEnabled: true, moz:accessibilityChecks: false, moz:headless: false, moz:processID: 7180, moz:profile: C:\Users\srilatha_yajnanara..., moz:webdriverClick: false, pageLoadStrategy: normal, platform: XP, platformName: XP, platformVersion: 6.3, rotatable: false, timeouts: {implicit: 0, pageLoad: 300000, script: 30000}}
Session ID: df221d05-ee24-4273-8596-ecbcf1c6e781
*** Element info: {Using=xpath, value=//table/tbody/tr/td/div/div[1]/table/tbody/tr/td/div/div}">
      <![CDATA[org.openqa.selenium.WebDriverException: Failed to decode response from marionette
Build info: version: '3.8.1', revision: '6e95a6684b', time: '2017-12-01T18:33:54.468Z'
System info: host: 'TH1554', ip: '172.16.10.63', os.name: 'Windows 8.1', os.arch: 'amd64', os.version: '6.3', java.version: '1.8.0_121'
Driver info: org.openqa.selenium.firefox.FirefoxDriver
Capabilities {acceptInsecureCerts: true, browserName: firefox, browserVersion: 57.0, javascriptEnabled: true, moz:accessibilityChecks: false, moz:headless: false, moz:processID: 7180, moz:profile: C:\Users\srilatha_yajnanara..., moz:webdriverClick: false, pageLoadStrategy: normal, platform: XP, platformName: XP, platformVersion: 6.3, rotatable: false, timeouts: {implicit: 0, pageLoad: 300000, script: 30000}}
Session ID: df221d05-ee24-4273-8596-ecbcf1c6e781
*** Element info: {Using=xpath, value=//table/tbody/tr/td/div/div[1]/table/tbody/tr/td/div/div}
	at org.openqa.selenium.remote.http.W3CHttpResponseCodec.createException(W3CHttpResponseCodec.java:187)
	at org.openqa.selenium.remote.http.W3CHttpResponseCodec.decode(W3CHttpResponseCodec.java:122)
	at org.openqa.selenium.remote.http.W3CHttpResponseCodec.decode(W3CHttpResponseCodec.java:49)
	at org.openqa.selenium.remote.HttpCommandExecutor.execute(HttpCommandExecutor.java:164)
	at org.openqa.selenium.remote.service.DriverCommandExecutor.execute(DriverCommandExecutor.java:83)
	at org.openqa.selenium.remote.RemoteWebDriver.execute(RemoteWebDriver.java:601)
	at org.openqa.selenium.remote.RemoteWebDriver.findElements(RemoteWebDriver.java:398)
	at org.openqa.selenium.remote.RemoteWebDriver.findElementsByXPath(RemoteWebDriver.java:477)
	at org.openqa.selenium.By$ByXPath.findElements(By.java:356)
	at org.openqa.selenium.remote.RemoteWebDriver.findElements(RemoteWebDriver.java:359)
	at org.openqa.selenium.support.ui.ExpectedConditions.findElement(ExpectedConditions.java:881)
	at org.openqa.selenium.support.ui.ExpectedConditions.access$000(ExpectedConditions.java:43)
	at org.openqa.selenium.support.ui.ExpectedConditions$7.apply(ExpectedConditions.java:205)
	at org.openqa.selenium.support.ui.ExpectedConditions$7.apply(ExpectedConditions.java:201)
	at org.openqa.selenium.support.ui.FluentWait.until(FluentWait.java:208)
	at com.milvik.mip.pageutil.MIP_BasePage.waitForElementToVisible(MIP_BasePage.java:51)
	at com.milvik.mip.pageobjects.MIP_ApplyLeavePage.selectFromLeaveDate(MIP_ApplyLeavePage.java:173)
	at com.milvik.mip.leavemanagement.testrunner.MIP_ApplyLeave_Test.applyLeaveFour(MIP_ApplyLeave_Test.java:222)
... Removed 29 stack frames]]>
    </failure>
  </testcase> <!-- applyLeaveFour -->
  <testcase name="applyLeaveFour" time="0.0" classname="com.milvik.mip.leavemanagement.testrunner.MIP_ApplyLeave_Test">
    <skipped/>
  </testcase> <!-- applyLeaveFour -->
  <testcase name="applyLeaveFour" time="0.0" classname="com.milvik.mip.leavemanagement.testrunner.MIP_ApplyLeave_Test">
    <skipped/>
  </testcase> <!-- applyLeaveFour -->
  <testcase name="applyLeaveOne" time="0.0" classname="com.milvik.mip.leavemanagement.testrunner.MIP_ApplyLeave_Test">
    <skipped/>
  </testcase> <!-- applyLeaveOne -->
  <testcase name="applyLeaveThree" time="0.0" classname="com.milvik.mip.leavemanagement.testrunner.MIP_ApplyLeave_Test">
    <skipped/>
  </testcase> <!-- applyLeaveThree -->
  <testcase name="applyLeaveTwo" time="0.0" classname="com.milvik.mip.leavemanagement.testrunner.MIP_ApplyLeave_Test">
    <skipped/>
  </testcase> <!-- applyLeaveTwo -->
  <testcase name="applyLeaveFive" time="0.0" classname="com.milvik.mip.leavemanagement.testrunner.MIP_ApplyLeave_Test">
    <skipped/>
  </testcase> <!-- applyLeaveFive -->
  <testcase name="leaveManagement" time="0.0" classname="com.milvik.mip.leavemanagement.testrunner.MIP_ApplyLeave_Test">
    <skipped/>
  </testcase> <!-- leaveManagement -->
</testsuite> <!-- ApplyLeave_Test -->
