<html>
<head>
<title>TestNG:  SearchCustomer_Test</title>
<link href="../testng.css" rel="stylesheet" type="text/css" />
<link href="../my-testng.css" rel="stylesheet" type="text/css" />

<style type="text/css">
.log { display: none;} 
.stack-trace { display: none;} 
</style>
<script type="text/javascript">
<!--
function flip(e) {
  current = e.style.display;
  if (current == 'block') {
    e.style.display = 'none';
    return 0;
  }
  else {
    e.style.display = 'block';
    return 1;
  }
}

function toggleBox(szDivId, elem, msg1, msg2)
{
  var res = -1;  if (document.getElementById) {
    res = flip(document.getElementById(szDivId));
  }
  else if (document.all) {
    // this is the way old msie versions work
    res = flip(document.all[szDivId]);
  }
  if(elem) {
    if(res == 0) elem.innerHTML = msg1; else elem.innerHTML = msg2;
  }

}

function toggleAllBoxes() {
  if (document.getElementsByTagName) {
    d = document.getElementsByTagName('div');
    for (i = 0; i < d.length; i++) {
      if (d[i].className == 'log') {
        flip(d[i]);
      }
    }
  }
}

// -->
</script>

</head>
<body>
<h2 align='center'>SearchCustomer_Test</h2><table border='1' align="center">
<tr>
<td>Tests passed/Failed/Skipped:</td><td>14/3/0</td>
</tr><tr>
<td>Started on:</td><td>Wed Mar 28 09:51:09 IST 2018</td>
</tr>
<tr><td>Total time:</td><td>129 seconds (129340 ms)</td>
</tr><tr>
<td>Included groups:</td><td></td>
</tr><tr>
<td>Excluded groups:</td><td></td>
</tr>
</table><p/>
<small><i>(Hover the method name to see the test class name)</i></small><p/>
<table width='100%' border='1' class='invocation-failed'>
<tr><td colspan='4' align='center'><b>FAILED TESTS</b></td></tr>
<tr><td><b>Test method</b></td>
<td width="30%"><b>Exception</b></td>
<td width="10%"><b>Time (seconds)</b></td>
<td><b>Instance</b></td>
</tr>
<tr>
<td title='com.milvik.mip.customermanagement.testrunner.MIP_SearchCustomer_Test.searchCustFive()'><b>searchCustFive</b><br>Test class: com.milvik.mip.customermanagement.testrunner.MIP_SearchCustomer_Test<br>Parameters: Modify IP, 0270010111, Income Protection, Test income, Test income, 11/02/1990, , Female, , , , , , , , , , , , , , , GHC 7 - GHC 4,000 & 60/night, nominee Fname, surname, 57, Yes, 0278552222, change ip, change sname, , 05/03/1986, Male, , , , , , , ip change, sname, 45, 0278525255, , , , , , </td>
<td><div><pre>org.openqa.selenium.TimeoutException: Expected condition failed: waiting for visibility of element located by By.xpath: //div[@class=&apos;calendar-icon&apos;] (tried for 30 second(s) with 500 MILLISECONDS interval)
Build info: version: &apos;3.8.1&apos;, revision: &apos;6e95a6684b&apos;, time: &apos;2017-12-01T18:33:54.468Z&apos;
System info: host: &apos;TH1554&apos;, ip: &apos;172.16.10.82&apos;, os.name: &apos;Windows 8.1&apos;, os.arch: &apos;amd64&apos;, os.version: &apos;6.3&apos;, java.version: &apos;1.8.0_121&apos;
Driver info: org.openqa.selenium.firefox.FirefoxDriver
Capabilities {acceptInsecureCerts: true, browserName: firefox, browserVersion: 57.0, javascriptEnabled: true, moz:accessibilityChecks: false, moz:headless: false, moz:processID: 2972, moz:profile: C:\Users\srilatha_yajnanara..., moz:webdriverClick: false, pageLoadStrategy: normal, platform: XP, platformName: XP, platformVersion: 6.3, rotatable: false, timeouts: {implicit: 0, pageLoad: 300000, script: 30000}}
Session ID: 02169c48-783c-4577-b6ca-a53f0ba60bd9
	at org.openqa.selenium.support.ui.WebDriverWait.timeoutException(WebDriverWait.java:82)
	at org.openqa.selenium.support.ui.FluentWait.until(FluentWait.java:231)
	at com.milvik.mip.pageutil.MIP_BasePage.waitForElementToVisible(MIP_BasePage.java:51)
	at com.milvik.mip.pageobjects.MIP_RegisterCustomerPage.enterCustInfo(MIP_RegisterCustomerPage.java:193)
	at com.milvik.mip.customermanagement.testrunner.MIP_SearchCustomer_Test.searchCustFive(MIP_SearchCustomer_Test.java:353)
... Removed 25 stack frames</pre></div><a href='#' onClick='toggleBox("stack-trace1496097932", this, "Click to show all stack frames", "Click to hide stack frames")'>Click to show all stack frames</a>
<div class='stack-trace' id='stack-trace1496097932'><pre>org.openqa.selenium.TimeoutException: Expected condition failed: waiting for visibility of element located by By.xpath: //div[@class=&apos;calendar-icon&apos;] (tried for 30 second(s) with 500 MILLISECONDS interval)
Build info: version: &apos;3.8.1&apos;, revision: &apos;6e95a6684b&apos;, time: &apos;2017-12-01T18:33:54.468Z&apos;
System info: host: &apos;TH1554&apos;, ip: &apos;172.16.10.82&apos;, os.name: &apos;Windows 8.1&apos;, os.arch: &apos;amd64&apos;, os.version: &apos;6.3&apos;, java.version: &apos;1.8.0_121&apos;
Driver info: org.openqa.selenium.firefox.FirefoxDriver
Capabilities {acceptInsecureCerts: true, browserName: firefox, browserVersion: 57.0, javascriptEnabled: true, moz:accessibilityChecks: false, moz:headless: false, moz:processID: 2972, moz:profile: C:\Users\srilatha_yajnanara..., moz:webdriverClick: false, pageLoadStrategy: normal, platform: XP, platformName: XP, platformVersion: 6.3, rotatable: false, timeouts: {implicit: 0, pageLoad: 300000, script: 30000}}
Session ID: 02169c48-783c-4577-b6ca-a53f0ba60bd9
	at org.openqa.selenium.support.ui.WebDriverWait.timeoutException(WebDriverWait.java:82)
	at org.openqa.selenium.support.ui.FluentWait.until(FluentWait.java:231)
	at com.milvik.mip.pageutil.MIP_BasePage.waitForElementToVisible(MIP_BasePage.java:51)
	at com.milvik.mip.pageobjects.MIP_RegisterCustomerPage.enterCustInfo(MIP_RegisterCustomerPage.java:193)
	at com.milvik.mip.customermanagement.testrunner.MIP_SearchCustomer_Test.searchCustFive(MIP_SearchCustomer_Test.java:353)
	at sun.reflect.NativeMethodAccessorImpl.invoke0(Native Method)
	at sun.reflect.NativeMethodAccessorImpl.invoke(Unknown Source)
	at sun.reflect.DelegatingMethodAccessorImpl.invoke(Unknown Source)
	at java.lang.reflect.Method.invoke(Unknown Source)
	at org.testng.internal.MethodInvocationHelper.invokeMethod(MethodInvocationHelper.java:108)
	at org.testng.internal.Invoker.invokeMethod(Invoker.java:661)
	at org.testng.internal.Invoker.invokeTestMethod(Invoker.java:869)
	at org.testng.internal.Invoker.invokeTestMethods(Invoker.java:1193)
	at org.testng.internal.TestMethodWorker.invokeTestMethods(TestMethodWorker.java:126)
	at org.testng.internal.TestMethodWorker.run(TestMethodWorker.java:109)
	at org.testng.TestRunner.privateRun(TestRunner.java:744)
	at org.testng.TestRunner.run(TestRunner.java:602)
	at org.testng.SuiteRunner.runTest(SuiteRunner.java:380)
	at org.testng.SuiteRunner.runSequentially(SuiteRunner.java:375)
	at org.testng.SuiteRunner.privateRun(SuiteRunner.java:340)
	at org.testng.SuiteRunner.run(SuiteRunner.java:289)
	at org.testng.SuiteRunnerWorker.runSuite(SuiteRunnerWorker.java:52)
	at org.testng.SuiteRunnerWorker.run(SuiteRunnerWorker.java:86)
	at org.testng.TestNG.runSuitesSequentially(TestNG.java:1301)
	at org.testng.TestNG.runSuitesLocally(TestNG.java:1226)
	at org.testng.TestNG.runSuites(TestNG.java:1144)
	at org.testng.TestNG.run(TestNG.java:1115)
	at org.testng.remote.AbstractRemoteTestNG.run(AbstractRemoteTestNG.java:114)
	at org.testng.remote.RemoteTestNG.initAndRun(RemoteTestNG.java:251)
	at org.testng.remote.RemoteTestNG.main(RemoteTestNG.java:77)
</pre></div></td>
<td>33</td>
<td>com.milvik.mip.customermanagement.testrunner.MIP_SearchCustomer_Test@7722c3c3</td></tr>
<tr>
<td title='com.milvik.mip.customermanagement.testrunner.MIP_SearchCustomer_Test.searchCustFive()'><b>searchCustFive</b><br>Test class: com.milvik.mip.customermanagement.testrunner.MIP_SearchCustomer_Test<br>Parameters: Modify HP, 0270010112, Hospitalization, Test hp, Test hpp, 20/02/1989, , Male, , , , , , , , Son, Hp fname, Hp sname, 02/10/1979, , , , , , , , , , change hp, change sname, , 05/03/1986, Female, , , , , , , , , , , hp fname, hp sname, , 08/05/1998, , Wife</td>
<td><div><pre>org.openqa.selenium.TimeoutException: Expected condition failed: waiting for visibility of element located by By.id: fname (tried for 30 second(s) with 500 MILLISECONDS interval)
Build info: version: &apos;3.8.1&apos;, revision: &apos;6e95a6684b&apos;, time: &apos;2017-12-01T18:33:54.468Z&apos;
System info: host: &apos;TH1554&apos;, ip: &apos;172.16.10.82&apos;, os.name: &apos;Windows 8.1&apos;, os.arch: &apos;amd64&apos;, os.version: &apos;6.3&apos;, java.version: &apos;1.8.0_121&apos;
Driver info: org.openqa.selenium.firefox.FirefoxDriver
Capabilities {acceptInsecureCerts: true, browserName: firefox, browserVersion: 57.0, javascriptEnabled: true, moz:accessibilityChecks: false, moz:headless: false, moz:processID: 2972, moz:profile: C:\Users\srilatha_yajnanara..., moz:webdriverClick: false, pageLoadStrategy: normal, platform: XP, platformName: XP, platformVersion: 6.3, rotatable: false, timeouts: {implicit: 0, pageLoad: 300000, script: 30000}}
Session ID: 02169c48-783c-4577-b6ca-a53f0ba60bd9
	at org.openqa.selenium.support.ui.WebDriverWait.timeoutException(WebDriverWait.java:82)
	at org.openqa.selenium.support.ui.FluentWait.until(FluentWait.java:231)
	at com.milvik.mip.pageutil.MIP_BasePage.waitForElementToVisible(MIP_BasePage.java:51)
	at com.milvik.mip.pageobjects.MIP_RegisterCustomerPage.enterCustInfo(MIP_RegisterCustomerPage.java:160)
	at com.milvik.mip.customermanagement.testrunner.MIP_SearchCustomer_Test.searchCustFive(MIP_SearchCustomer_Test.java:353)
... Removed 25 stack frames</pre></div><a href='#' onClick='toggleBox("stack-trace377570010", this, "Click to show all stack frames", "Click to hide stack frames")'>Click to show all stack frames</a>
<div class='stack-trace' id='stack-trace377570010'><pre>org.openqa.selenium.TimeoutException: Expected condition failed: waiting for visibility of element located by By.id: fname (tried for 30 second(s) with 500 MILLISECONDS interval)
Build info: version: &apos;3.8.1&apos;, revision: &apos;6e95a6684b&apos;, time: &apos;2017-12-01T18:33:54.468Z&apos;
System info: host: &apos;TH1554&apos;, ip: &apos;172.16.10.82&apos;, os.name: &apos;Windows 8.1&apos;, os.arch: &apos;amd64&apos;, os.version: &apos;6.3&apos;, java.version: &apos;1.8.0_121&apos;
Driver info: org.openqa.selenium.firefox.FirefoxDriver
Capabilities {acceptInsecureCerts: true, browserName: firefox, browserVersion: 57.0, javascriptEnabled: true, moz:accessibilityChecks: false, moz:headless: false, moz:processID: 2972, moz:profile: C:\Users\srilatha_yajnanara..., moz:webdriverClick: false, pageLoadStrategy: normal, platform: XP, platformName: XP, platformVersion: 6.3, rotatable: false, timeouts: {implicit: 0, pageLoad: 300000, script: 30000}}
Session ID: 02169c48-783c-4577-b6ca-a53f0ba60bd9
	at org.openqa.selenium.support.ui.WebDriverWait.timeoutException(WebDriverWait.java:82)
	at org.openqa.selenium.support.ui.FluentWait.until(FluentWait.java:231)
	at com.milvik.mip.pageutil.MIP_BasePage.waitForElementToVisible(MIP_BasePage.java:51)
	at com.milvik.mip.pageobjects.MIP_RegisterCustomerPage.enterCustInfo(MIP_RegisterCustomerPage.java:160)
	at com.milvik.mip.customermanagement.testrunner.MIP_SearchCustomer_Test.searchCustFive(MIP_SearchCustomer_Test.java:353)
	at sun.reflect.NativeMethodAccessorImpl.invoke0(Native Method)
	at sun.reflect.NativeMethodAccessorImpl.invoke(Unknown Source)
	at sun.reflect.DelegatingMethodAccessorImpl.invoke(Unknown Source)
	at java.lang.reflect.Method.invoke(Unknown Source)
	at org.testng.internal.MethodInvocationHelper.invokeMethod(MethodInvocationHelper.java:108)
	at org.testng.internal.Invoker.invokeMethod(Invoker.java:661)
	at org.testng.internal.Invoker.invokeTestMethod(Invoker.java:869)
	at org.testng.internal.Invoker.invokeTestMethods(Invoker.java:1193)
	at org.testng.internal.TestMethodWorker.invokeTestMethods(TestMethodWorker.java:126)
	at org.testng.internal.TestMethodWorker.run(TestMethodWorker.java:109)
	at org.testng.TestRunner.privateRun(TestRunner.java:744)
	at org.testng.TestRunner.run(TestRunner.java:602)
	at org.testng.SuiteRunner.runTest(SuiteRunner.java:380)
	at org.testng.SuiteRunner.runSequentially(SuiteRunner.java:375)
	at org.testng.SuiteRunner.privateRun(SuiteRunner.java:340)
	at org.testng.SuiteRunner.run(SuiteRunner.java:289)
	at org.testng.SuiteRunnerWorker.runSuite(SuiteRunnerWorker.java:52)
	at org.testng.SuiteRunnerWorker.run(SuiteRunnerWorker.java:86)
	at org.testng.TestNG.runSuitesSequentially(TestNG.java:1301)
	at org.testng.TestNG.runSuitesLocally(TestNG.java:1226)
	at org.testng.TestNG.runSuites(TestNG.java:1144)
	at org.testng.TestNG.run(TestNG.java:1115)
	at org.testng.remote.AbstractRemoteTestNG.run(AbstractRemoteTestNG.java:114)
	at org.testng.remote.RemoteTestNG.initAndRun(RemoteTestNG.java:251)
	at org.testng.remote.RemoteTestNG.main(RemoteTestNG.java:77)
</pre></div></td>
<td>33</td>
<td>com.milvik.mip.customermanagement.testrunner.MIP_SearchCustomer_Test@7722c3c3</td></tr>
<tr>
<td title='com.milvik.mip.customermanagement.testrunner.MIP_SearchCustomer_Test.searchCustFive()'><b>searchCustFive</b><br>Test class: com.milvik.mip.customermanagement.testrunner.MIP_SearchCustomer_Test<br>Parameters: Modify XL, 0270010113, Xtra-life, Test , Test, , 25, Male, Daughter, Relation, one, 10/10/1981, , Yes, 0278574125, , , , , , , , , , , , , , change fname, change sname, 56, , Male, Xl fname, XL sname, , 10/03/1986, , , , , , , , , , , , </td>
<td><div><pre>org.openqa.selenium.InvalidElementStateException: Element is not enabled
Build info: version: &apos;3.8.1&apos;, revision: &apos;6e95a6684b&apos;, time: &apos;2017-12-01T18:33:54.468Z&apos;
System info: host: &apos;TH1554&apos;, ip: &apos;172.16.10.82&apos;, os.name: &apos;Windows 8.1&apos;, os.arch: &apos;amd64&apos;, os.version: &apos;6.3&apos;, java.version: &apos;1.8.0_121&apos;
Driver info: org.openqa.selenium.firefox.FirefoxDriver
Capabilities {acceptInsecureCerts: true, browserName: firefox, browserVersion: 57.0, javascriptEnabled: true, moz:accessibilityChecks: false, moz:headless: false, moz:processID: 2972, moz:profile: C:\Users\srilatha_yajnanara..., moz:webdriverClick: false, pageLoadStrategy: normal, platform: XP, platformName: XP, platformVersion: 6.3, rotatable: false, timeouts: {implicit: 0, pageLoad: 300000, script: 30000}}
Session ID: 02169c48-783c-4577-b6ca-a53f0ba60bd9
	at org.openqa.selenium.remote.http.W3CHttpResponseCodec.createException(W3CHttpResponseCodec.java:187)
	at org.openqa.selenium.remote.http.W3CHttpResponseCodec.decode(W3CHttpResponseCodec.java:122)
	at org.openqa.selenium.remote.http.W3CHttpResponseCodec.decode(W3CHttpResponseCodec.java:49)
	at org.openqa.selenium.remote.HttpCommandExecutor.execute(HttpCommandExecutor.java:164)
	at org.openqa.selenium.remote.service.DriverCommandExecutor.execute(DriverCommandExecutor.java:83)
	at org.openqa.selenium.remote.RemoteWebDriver.execute(RemoteWebDriver.java:601)
	at org.openqa.selenium.remote.RemoteWebElement.execute(RemoteWebElement.java:279)
	at org.openqa.selenium.remote.RemoteWebElement.click(RemoteWebElement.java:83)
	at com.milvik.mip.pageobjects.MIP_RegisterCustomerPage.selectXtraLife(MIP_RegisterCustomerPage.java:130)
	at com.milvik.mip.customermanagement.testrunner.MIP_SearchCustomer_Test.searchCustFive(MIP_SearchCustomer_Test.java:358)
... Removed 29 stack frames</pre></div><a href='#' onClick='toggleBox("stack-trace254041053", this, "Click to show all stack frames", "Click to hide stack frames")'>Click to show all stack frames</a>
<div class='stack-trace' id='stack-trace254041053'><pre>org.openqa.selenium.InvalidElementStateException: Element is not enabled
Build info: version: &apos;3.8.1&apos;, revision: &apos;6e95a6684b&apos;, time: &apos;2017-12-01T18:33:54.468Z&apos;
System info: host: &apos;TH1554&apos;, ip: &apos;172.16.10.82&apos;, os.name: &apos;Windows 8.1&apos;, os.arch: &apos;amd64&apos;, os.version: &apos;6.3&apos;, java.version: &apos;1.8.0_121&apos;
Driver info: org.openqa.selenium.firefox.FirefoxDriver
Capabilities {acceptInsecureCerts: true, browserName: firefox, browserVersion: 57.0, javascriptEnabled: true, moz:accessibilityChecks: false, moz:headless: false, moz:processID: 2972, moz:profile: C:\Users\srilatha_yajnanara..., moz:webdriverClick: false, pageLoadStrategy: normal, platform: XP, platformName: XP, platformVersion: 6.3, rotatable: false, timeouts: {implicit: 0, pageLoad: 300000, script: 30000}}
Session ID: 02169c48-783c-4577-b6ca-a53f0ba60bd9
	at sun.reflect.NativeConstructorAccessorImpl.newInstance0(Native Method)
	at sun.reflect.NativeConstructorAccessorImpl.newInstance(Unknown Source)
	at sun.reflect.DelegatingConstructorAccessorImpl.newInstance(Unknown Source)
	at java.lang.reflect.Constructor.newInstance(Unknown Source)
	at org.openqa.selenium.remote.http.W3CHttpResponseCodec.createException(W3CHttpResponseCodec.java:187)
	at org.openqa.selenium.remote.http.W3CHttpResponseCodec.decode(W3CHttpResponseCodec.java:122)
	at org.openqa.selenium.remote.http.W3CHttpResponseCodec.decode(W3CHttpResponseCodec.java:49)
	at org.openqa.selenium.remote.HttpCommandExecutor.execute(HttpCommandExecutor.java:164)
	at org.openqa.selenium.remote.service.DriverCommandExecutor.execute(DriverCommandExecutor.java:83)
	at org.openqa.selenium.remote.RemoteWebDriver.execute(RemoteWebDriver.java:601)
	at org.openqa.selenium.remote.RemoteWebElement.execute(RemoteWebElement.java:279)
	at org.openqa.selenium.remote.RemoteWebElement.click(RemoteWebElement.java:83)
	at com.milvik.mip.pageobjects.MIP_RegisterCustomerPage.selectXtraLife(MIP_RegisterCustomerPage.java:130)
	at com.milvik.mip.customermanagement.testrunner.MIP_SearchCustomer_Test.searchCustFive(MIP_SearchCustomer_Test.java:358)
	at sun.reflect.NativeMethodAccessorImpl.invoke0(Native Method)
	at sun.reflect.NativeMethodAccessorImpl.invoke(Unknown Source)
	at sun.reflect.DelegatingMethodAccessorImpl.invoke(Unknown Source)
	at java.lang.reflect.Method.invoke(Unknown Source)
	at org.testng.internal.MethodInvocationHelper.invokeMethod(MethodInvocationHelper.java:108)
	at org.testng.internal.Invoker.invokeMethod(Invoker.java:661)
	at org.testng.internal.Invoker.invokeTestMethod(Invoker.java:869)
	at org.testng.internal.Invoker.invokeTestMethods(Invoker.java:1193)
	at org.testng.internal.TestMethodWorker.invokeTestMethods(TestMethodWorker.java:126)
	at org.testng.internal.TestMethodWorker.run(TestMethodWorker.java:109)
	at org.testng.TestRunner.privateRun(TestRunner.java:744)
	at org.testng.TestRunner.run(TestRunner.java:602)
	at org.testng.SuiteRunner.runTest(SuiteRunner.java:380)
	at org.testng.SuiteRunner.runSequentially(SuiteRunner.java:375)
	at org.testng.SuiteRunner.privateRun(SuiteRunner.java:340)
	at org.testng.SuiteRunner.run(SuiteRunner.java:289)
	at org.testng.SuiteRunnerWorker.runSuite(SuiteRunnerWorker.java:52)
	at org.testng.SuiteRunnerWorker.run(SuiteRunnerWorker.java:86)
	at org.testng.TestNG.runSuitesSequentially(TestNG.java:1301)
	at org.testng.TestNG.runSuitesLocally(TestNG.java:1226)
	at org.testng.TestNG.runSuites(TestNG.java:1144)
	at org.testng.TestNG.run(TestNG.java:1115)
	at org.testng.remote.AbstractRemoteTestNG.run(AbstractRemoteTestNG.java:114)
	at org.testng.remote.RemoteTestNG.initAndRun(RemoteTestNG.java:251)
	at org.testng.remote.RemoteTestNG.main(RemoteTestNG.java:77)
</pre></div></td>
<td>3</td>
<td>com.milvik.mip.customermanagement.testrunner.MIP_SearchCustomer_Test@7722c3c3</td></tr>
</table><p>
<table width='100%' border='1' class='invocation-passed'>
<tr><td colspan='4' align='center'><b>PASSED TESTS</b></td></tr>
<tr><td><b>Test method</b></td>
<td width="30%"><b>Exception</b></td>
<td width="10%"><b>Time (seconds)</b></td>
<td><b>Instance</b></td>
</tr>
<tr>
<td title='com.milvik.mip.customermanagement.testrunner.MIP_SearchCustomer_Test.searchCustFour()'><b>searchCustFour</b><br>Test class: com.milvik.mip.customermanagement.testrunner.MIP_SearchCustomer_Test<br>Parameters: 0278545666</td>
<td></td>
<td>11</td>
<td>com.milvik.mip.customermanagement.testrunner.MIP_SearchCustomer_Test@7722c3c3</td></tr>
<tr>
<td title='com.milvik.mip.customermanagement.testrunner.MIP_SearchCustomer_Test.searchCustFour()'><b>searchCustFour</b><br>Test class: com.milvik.mip.customermanagement.testrunner.MIP_SearchCustomer_Test<br>Parameters: 0278584569</td>
<td></td>
<td>11</td>
<td>com.milvik.mip.customermanagement.testrunner.MIP_SearchCustomer_Test@7722c3c3</td></tr>
<tr>
<td title='com.milvik.mip.customermanagement.testrunner.MIP_SearchCustomer_Test.searchCustFour()'><b>searchCustFour</b><br>Test class: com.milvik.mip.customermanagement.testrunner.MIP_SearchCustomer_Test<br>Parameters: 0278545851</td>
<td></td>
<td>18</td>
<td>com.milvik.mip.customermanagement.testrunner.MIP_SearchCustomer_Test@7722c3c3</td></tr>
<tr>
<td title='com.milvik.mip.customermanagement.testrunner.MIP_SearchCustomer_Test.searchCustOne()'><b>searchCustOne</b><br>Test class: com.milvik.mip.customermanagement.testrunner.MIP_SearchCustomer_Test<br>Parameters: TC610, , , , gdfsf, Customer ID : Enter a valid Customer ID</td>
<td></td>
<td>1</td>
<td>com.milvik.mip.customermanagement.testrunner.MIP_SearchCustomer_Test@7722c3c3</td></tr>
<tr>
<td title='com.milvik.mip.customermanagement.testrunner.MIP_SearchCustomer_Test.searchCustOne()'><b>searchCustOne</b><br>Test class: com.milvik.mip.customermanagement.testrunner.MIP_SearchCustomer_Test<br>Parameters: TC611, , , , $%$, Customer ID : Enter a valid Customer ID</td>
<td></td>
<td>0</td>
<td>com.milvik.mip.customermanagement.testrunner.MIP_SearchCustomer_Test@7722c3c3</td></tr>
<tr>
<td title='com.milvik.mip.customermanagement.testrunner.MIP_SearchCustomer_Test.searchCustOne()'><b>searchCustOne</b><br>Test class: com.milvik.mip.customermanagement.testrunner.MIP_SearchCustomer_Test<br>Parameters: TC612, , , , dj^%, Customer ID : Enter a valid Customer ID</td>
<td></td>
<td>0</td>
<td>com.milvik.mip.customermanagement.testrunner.MIP_SearchCustomer_Test@7722c3c3</td></tr>
<tr>
<td title='com.milvik.mip.customermanagement.testrunner.MIP_SearchCustomer_Test.searchCustOne()'><b>searchCustOne</b><br>Test class: com.milvik.mip.customermanagement.testrunner.MIP_SearchCustomer_Test<br>Parameters: TC613, , , , , Search Criteria : Atleast one search criteria is required.</td>
<td></td>
<td>0</td>
<td>com.milvik.mip.customermanagement.testrunner.MIP_SearchCustomer_Test@7722c3c3</td></tr>
<tr>
<td title='com.milvik.mip.customermanagement.testrunner.MIP_SearchCustomer_Test.searchCustOne()'><b>searchCustOne</b><br>Test class: com.milvik.mip.customermanagement.testrunner.MIP_SearchCustomer_Test<br>Parameters: TC614, , , fjdsfh, , Mobile Number : Enter a valid number.</td>
<td></td>
<td>0</td>
<td>com.milvik.mip.customermanagement.testrunner.MIP_SearchCustomer_Test@7722c3c3</td></tr>
<tr>
<td title='com.milvik.mip.customermanagement.testrunner.MIP_SearchCustomer_Test.searchCustOne()'><b>searchCustOne</b><br>Test class: com.milvik.mip.customermanagement.testrunner.MIP_SearchCustomer_Test<br>Parameters: TC615, , , 123, , Mobile Number : Enter a valid number.</td>
<td></td>
<td>0</td>
<td>com.milvik.mip.customermanagement.testrunner.MIP_SearchCustomer_Test@7722c3c3</td></tr>
<tr>
<td title='com.milvik.mip.customermanagement.testrunner.MIP_SearchCustomer_Test.searchCustOne()'><b>searchCustOne</b><br>Test class: com.milvik.mip.customermanagement.testrunner.MIP_SearchCustomer_Test<br>Parameters: Extra, , , $^$^, , Mobile Number : Enter a valid number.</td>
<td></td>
<td>0</td>
<td>com.milvik.mip.customermanagement.testrunner.MIP_SearchCustomer_Test@7722c3c3</td></tr>
<tr>
<td title='com.milvik.mip.customermanagement.testrunner.MIP_SearchCustomer_Test.searchCustOne()'><b>searchCustOne</b><br>Test class: com.milvik.mip.customermanagement.testrunner.MIP_SearchCustomer_Test<br>Parameters: Extra, , %^$^%$^%, , , Surname : Names can contain only alphabets, one single quote, space and hyphen.</td>
<td></td>
<td>0</td>
<td>com.milvik.mip.customermanagement.testrunner.MIP_SearchCustomer_Test@7722c3c3</td></tr>
<tr>
<td title='com.milvik.mip.customermanagement.testrunner.MIP_SearchCustomer_Test.searchCustOne()'><b>searchCustOne</b><br>Test class: com.milvik.mip.customermanagement.testrunner.MIP_SearchCustomer_Test<br>Parameters: Extra, $%3656, , , , First Name : Names can contain only alphabets, one single quote, space and hyphen.</td>
<td></td>
<td>0</td>
<td>com.milvik.mip.customermanagement.testrunner.MIP_SearchCustomer_Test@7722c3c3</td></tr>
<tr>
<td title='com.milvik.mip.customermanagement.testrunner.MIP_SearchCustomer_Test.searchCustThree()'><b>searchCustThree</b><br>Test class: com.milvik.mip.customermanagement.testrunner.MIP_SearchCustomer_Test<br>Parameters: sun, sha, 0272897456, 112</td>
<td></td>
<td>7</td>
<td>com.milvik.mip.customermanagement.testrunner.MIP_SearchCustomer_Test@7722c3c3</td></tr>
<tr>
<td title='com.milvik.mip.customermanagement.testrunner.MIP_SearchCustomer_Test.searchCustTwo()'><b>searchCustTwo</b><br>Test class: com.milvik.mip.customermanagement.testrunner.MIP_SearchCustomer_Test<br>Parameters: sun, sha, 0272897456, 112</td>
<td></td>
<td>1</td>
<td>com.milvik.mip.customermanagement.testrunner.MIP_SearchCustomer_Test@7722c3c3</td></tr>
</table><p>
</body>
</html>