<?xml version="1.0" encoding="UTF-8"?>
<!-- Generated by org.testng.reporters.JUnitXMLReporter -->
<testsuite hostname="TH1554" ignored="0" name="SearchCustomer_Test" tests="17" failures="3" timestamp="28 Mar 2018 04:23:19 GMT" time="129.34" errors="0">
  <testcase name="searchCustFour" time="11.896" classname="com.milvik.mip.customermanagement.testrunner.MIP_SearchCustomer_Test"/>
  <testcase name="searchCustFour" time="11.574" classname="com.milvik.mip.customermanagement.testrunner.MIP_SearchCustomer_Test"/>
  <testcase name="searchCustFour" time="18.674" classname="com.milvik.mip.customermanagement.testrunner.MIP_SearchCustomer_Test"/>
  <testcase name="searchCustOne" time="1.232" classname="com.milvik.mip.customermanagement.testrunner.MIP_SearchCustomer_Test"/>
  <testcase name="searchCustOne" time="0.594" classname="com.milvik.mip.customermanagement.testrunner.MIP_SearchCustomer_Test"/>
  <testcase name="searchCustOne" time="0.618" classname="com.milvik.mip.customermanagement.testrunner.MIP_SearchCustomer_Test"/>
  <testcase name="searchCustOne" time="0.625" classname="com.milvik.mip.customermanagement.testrunner.MIP_SearchCustomer_Test"/>
  <testcase name="searchCustOne" time="0.643" classname="com.milvik.mip.customermanagement.testrunner.MIP_SearchCustomer_Test"/>
  <testcase name="searchCustOne" time="0.63" classname="com.milvik.mip.customermanagement.testrunner.MIP_SearchCustomer_Test"/>
  <testcase name="searchCustOne" time="0.644" classname="com.milvik.mip.customermanagement.testrunner.MIP_SearchCustomer_Test"/>
  <testcase name="searchCustOne" time="0.598" classname="com.milvik.mip.customermanagement.testrunner.MIP_SearchCustomer_Test"/>
  <testcase name="searchCustOne" time="0.634" classname="com.milvik.mip.customermanagement.testrunner.MIP_SearchCustomer_Test"/>
  <testcase name="searchCustThree" time="7.773" classname="com.milvik.mip.customermanagement.testrunner.MIP_SearchCustomer_Test"/>
  <testcase name="searchCustTwo" time="1.364" classname="com.milvik.mip.customermanagement.testrunner.MIP_SearchCustomer_Test"/>
  <testcase name="searchCustFive" time="33.929" classname="com.milvik.mip.customermanagement.testrunner.MIP_SearchCustomer_Test">
    <failure type="org.openqa.selenium.TimeoutException" message="Expected condition failed: waiting for visibility of element located by By.xpath: //div[@class=&amp;apos;calendar-icon&amp;apos;] (tried for 30 second(s) with 500 MILLISECONDS interval)
Build info: version: &amp;apos;3.8.1&amp;apos;, revision: &amp;apos;6e95a6684b&amp;apos;, time: &amp;apos;2017-12-01T18:33:54.468Z&amp;apos;
System info: host: &amp;apos;TH1554&amp;apos;, ip: &amp;apos;172.16.10.82&amp;apos;, os.name: &amp;apos;Windows 8.1&amp;apos;, os.arch: &amp;apos;amd64&amp;apos;, os.version: &amp;apos;6.3&amp;apos;, java.version: &amp;apos;1.8.0_121&amp;apos;
Driver info: org.openqa.selenium.firefox.FirefoxDriver
Capabilities {acceptInsecureCerts: true, browserName: firefox, browserVersion: 57.0, javascriptEnabled: true, moz:accessibilityChecks: false, moz:headless: false, moz:processID: 2972, moz:profile: C:\Users\srilatha_yajnanara..., moz:webdriverClick: false, pageLoadStrategy: normal, platform: XP, platformName: XP, platformVersion: 6.3, rotatable: false, timeouts: {implicit: 0, pageLoad: 300000, script: 30000}}
Session ID: 02169c48-783c-4577-b6ca-a53f0ba60bd9">
      <![CDATA[org.openqa.selenium.TimeoutException: Expected condition failed: waiting for visibility of element located by By.xpath: //div[@class='calendar-icon'] (tried for 30 second(s) with 500 MILLISECONDS interval)
Build info: version: '3.8.1', revision: '6e95a6684b', time: '2017-12-01T18:33:54.468Z'
System info: host: 'TH1554', ip: '172.16.10.82', os.name: 'Windows 8.1', os.arch: 'amd64', os.version: '6.3', java.version: '1.8.0_121'
Driver info: org.openqa.selenium.firefox.FirefoxDriver
Capabilities {acceptInsecureCerts: true, browserName: firefox, browserVersion: 57.0, javascriptEnabled: true, moz:accessibilityChecks: false, moz:headless: false, moz:processID: 2972, moz:profile: C:\Users\srilatha_yajnanara..., moz:webdriverClick: false, pageLoadStrategy: normal, platform: XP, platformName: XP, platformVersion: 6.3, rotatable: false, timeouts: {implicit: 0, pageLoad: 300000, script: 30000}}
Session ID: 02169c48-783c-4577-b6ca-a53f0ba60bd9
	at org.openqa.selenium.support.ui.WebDriverWait.timeoutException(WebDriverWait.java:82)
	at org.openqa.selenium.support.ui.FluentWait.until(FluentWait.java:231)
	at com.milvik.mip.pageutil.MIP_BasePage.waitForElementToVisible(MIP_BasePage.java:51)
	at com.milvik.mip.pageobjects.MIP_RegisterCustomerPage.enterCustInfo(MIP_RegisterCustomerPage.java:193)
	at com.milvik.mip.customermanagement.testrunner.MIP_SearchCustomer_Test.searchCustFive(MIP_SearchCustomer_Test.java:353)
... Removed 25 stack frames]]>
    </failure>
  </testcase> <!-- searchCustFive -->
  <testcase name="searchCustFive" time="33.013" classname="com.milvik.mip.customermanagement.testrunner.MIP_SearchCustomer_Test">
    <failure type="org.openqa.selenium.TimeoutException" message="Expected condition failed: waiting for visibility of element located by By.id: fname (tried for 30 second(s) with 500 MILLISECONDS interval)
Build info: version: &amp;apos;3.8.1&amp;apos;, revision: &amp;apos;6e95a6684b&amp;apos;, time: &amp;apos;2017-12-01T18:33:54.468Z&amp;apos;
System info: host: &amp;apos;TH1554&amp;apos;, ip: &amp;apos;172.16.10.82&amp;apos;, os.name: &amp;apos;Windows 8.1&amp;apos;, os.arch: &amp;apos;amd64&amp;apos;, os.version: &amp;apos;6.3&amp;apos;, java.version: &amp;apos;1.8.0_121&amp;apos;
Driver info: org.openqa.selenium.firefox.FirefoxDriver
Capabilities {acceptInsecureCerts: true, browserName: firefox, browserVersion: 57.0, javascriptEnabled: true, moz:accessibilityChecks: false, moz:headless: false, moz:processID: 2972, moz:profile: C:\Users\srilatha_yajnanara..., moz:webdriverClick: false, pageLoadStrategy: normal, platform: XP, platformName: XP, platformVersion: 6.3, rotatable: false, timeouts: {implicit: 0, pageLoad: 300000, script: 30000}}
Session ID: 02169c48-783c-4577-b6ca-a53f0ba60bd9">
      <![CDATA[org.openqa.selenium.TimeoutException: Expected condition failed: waiting for visibility of element located by By.id: fname (tried for 30 second(s) with 500 MILLISECONDS interval)
Build info: version: '3.8.1', revision: '6e95a6684b', time: '2017-12-01T18:33:54.468Z'
System info: host: 'TH1554', ip: '172.16.10.82', os.name: 'Windows 8.1', os.arch: 'amd64', os.version: '6.3', java.version: '1.8.0_121'
Driver info: org.openqa.selenium.firefox.FirefoxDriver
Capabilities {acceptInsecureCerts: true, browserName: firefox, browserVersion: 57.0, javascriptEnabled: true, moz:accessibilityChecks: false, moz:headless: false, moz:processID: 2972, moz:profile: C:\Users\srilatha_yajnanara..., moz:webdriverClick: false, pageLoadStrategy: normal, platform: XP, platformName: XP, platformVersion: 6.3, rotatable: false, timeouts: {implicit: 0, pageLoad: 300000, script: 30000}}
Session ID: 02169c48-783c-4577-b6ca-a53f0ba60bd9
	at org.openqa.selenium.support.ui.WebDriverWait.timeoutException(WebDriverWait.java:82)
	at org.openqa.selenium.support.ui.FluentWait.until(FluentWait.java:231)
	at com.milvik.mip.pageutil.MIP_BasePage.waitForElementToVisible(MIP_BasePage.java:51)
	at com.milvik.mip.pageobjects.MIP_RegisterCustomerPage.enterCustInfo(MIP_RegisterCustomerPage.java:160)
	at com.milvik.mip.customermanagement.testrunner.MIP_SearchCustomer_Test.searchCustFive(MIP_SearchCustomer_Test.java:353)
... Removed 25 stack frames]]>
    </failure>
  </testcase> <!-- searchCustFive -->
  <testcase name="searchCustFive" time="3.29" classname="com.milvik.mip.customermanagement.testrunner.MIP_SearchCustomer_Test">
    <failure type="org.openqa.selenium.InvalidElementStateException" message="Element is not enabled
Build info: version: &amp;apos;3.8.1&amp;apos;, revision: &amp;apos;6e95a6684b&amp;apos;, time: &amp;apos;2017-12-01T18:33:54.468Z&amp;apos;
System info: host: &amp;apos;TH1554&amp;apos;, ip: &amp;apos;172.16.10.82&amp;apos;, os.name: &amp;apos;Windows 8.1&amp;apos;, os.arch: &amp;apos;amd64&amp;apos;, os.version: &amp;apos;6.3&amp;apos;, java.version: &amp;apos;1.8.0_121&amp;apos;
Driver info: org.openqa.selenium.firefox.FirefoxDriver
Capabilities {acceptInsecureCerts: true, browserName: firefox, browserVersion: 57.0, javascriptEnabled: true, moz:accessibilityChecks: false, moz:headless: false, moz:processID: 2972, moz:profile: C:\Users\srilatha_yajnanara..., moz:webdriverClick: false, pageLoadStrategy: normal, platform: XP, platformName: XP, platformVersion: 6.3, rotatable: false, timeouts: {implicit: 0, pageLoad: 300000, script: 30000}}
Session ID: 02169c48-783c-4577-b6ca-a53f0ba60bd9">
      <![CDATA[org.openqa.selenium.InvalidElementStateException: Element is not enabled
Build info: version: '3.8.1', revision: '6e95a6684b', time: '2017-12-01T18:33:54.468Z'
System info: host: 'TH1554', ip: '172.16.10.82', os.name: 'Windows 8.1', os.arch: 'amd64', os.version: '6.3', java.version: '1.8.0_121'
Driver info: org.openqa.selenium.firefox.FirefoxDriver
Capabilities {acceptInsecureCerts: true, browserName: firefox, browserVersion: 57.0, javascriptEnabled: true, moz:accessibilityChecks: false, moz:headless: false, moz:processID: 2972, moz:profile: C:\Users\srilatha_yajnanara..., moz:webdriverClick: false, pageLoadStrategy: normal, platform: XP, platformName: XP, platformVersion: 6.3, rotatable: false, timeouts: {implicit: 0, pageLoad: 300000, script: 30000}}
Session ID: 02169c48-783c-4577-b6ca-a53f0ba60bd9
	at org.openqa.selenium.remote.http.W3CHttpResponseCodec.createException(W3CHttpResponseCodec.java:187)
	at org.openqa.selenium.remote.http.W3CHttpResponseCodec.decode(W3CHttpResponseCodec.java:122)
	at org.openqa.selenium.remote.http.W3CHttpResponseCodec.decode(W3CHttpResponseCodec.java:49)
	at org.openqa.selenium.remote.HttpCommandExecutor.execute(HttpCommandExecutor.java:164)
	at org.openqa.selenium.remote.service.DriverCommandExecutor.execute(DriverCommandExecutor.java:83)
	at org.openqa.selenium.remote.RemoteWebDriver.execute(RemoteWebDriver.java:601)
	at org.openqa.selenium.remote.RemoteWebElement.execute(RemoteWebElement.java:279)
	at org.openqa.selenium.remote.RemoteWebElement.click(RemoteWebElement.java:83)
	at com.milvik.mip.pageobjects.MIP_RegisterCustomerPage.selectXtraLife(MIP_RegisterCustomerPage.java:130)
	at com.milvik.mip.customermanagement.testrunner.MIP_SearchCustomer_Test.searchCustFive(MIP_SearchCustomer_Test.java:358)
... Removed 29 stack frames]]>
    </failure>
  </testcase> <!-- searchCustFive -->
</testsuite> <!-- SearchCustomer_Test -->
