<?xml version="1.0" encoding="UTF-8"?>
<!-- Generated by org.testng.reporters.JUnitReportReporter -->
<testsuite skipped="0" hostname="TH1554" name="com.milvik.mip.branchmanagement.testrunner.MIP_ListBranch_Test" tests="10" failures="0" timestamp="26 Mar 2018 10:21:24 GMT" time="518.726" errors="1">
  <testcase name="listBranchFour" time="65.127" classname="com.milvik.mip.branchmanagement.testrunner.MIP_ListBranch_Test"/>
  <testcase name="listBranchSix" time="76.532" classname="com.milvik.mip.branchmanagement.testrunner.MIP_ListBranch_Test"/>
  <testcase name="listBranchFive" time="65.367" classname="com.milvik.mip.branchmanagement.testrunner.MIP_ListBranch_Test"/>
  <testcase name="listBranchThree" time="42.711" classname="com.milvik.mip.branchmanagement.testrunner.MIP_ListBranch_Test">
    <error type="org.openqa.selenium.TimeoutException" message="Expected condition failed: waiting for visibility of element located by By.id: popup_message (tried for 30 second(s) with 500 MILLISECONDS interval)">
      <![CDATA[org.openqa.selenium.TimeoutException: Expected condition failed: waiting for visibility of element located by By.id: popup_message (tried for 30 second(s) with 500 MILLISECONDS interval)
	at org.openqa.selenium.support.ui.WebDriverWait.timeoutException(WebDriverWait.java:82)
	at org.openqa.selenium.support.ui.FluentWait.until(FluentWait.java:231)
	at com.milvik.mip.pageutil.MIP_BasePage.waitForElementToVisible(MIP_BasePage.java:51)
	at com.milvik.mip.pageutil.MIP_BasePage.confirmPopUp(MIP_BasePage.java:202)
	at com.milvik.mip.pageobjects.MIP_ListBranchPage.confirmOption(MIP_ListBranchPage.java:177)
	at com.milvik.mip.branchmanagement.testrunner.MIP_ListBranch_Test.listBranchThree(MIP_ListBranch_Test.java:168)
	at sun.reflect.NativeMethodAccessorImpl.invoke0(Native Method)
	at sun.reflect.NativeMethodAccessorImpl.invoke(Unknown Source)
	at sun.reflect.DelegatingMethodAccessorImpl.invoke(Unknown Source)
	at java.lang.reflect.Method.invoke(Unknown Source)
	at org.testng.internal.MethodInvocationHelper.invokeMethod(MethodInvocationHelper.java:108)
	at org.testng.internal.Invoker.invokeMethod(Invoker.java:661)
	at org.testng.internal.Invoker.invokeTestMethod(Invoker.java:869)
	at org.testng.internal.Invoker.invokeTestMethods(Invoker.java:1193)
	at org.testng.internal.TestMethodWorker.invokeTestMethods(TestMethodWorker.java:126)
	at org.testng.internal.TestMethodWorker.run(TestMethodWorker.java:109)
	at org.testng.TestRunner.privateRun(TestRunner.java:744)
	at org.testng.TestRunner.run(TestRunner.java:602)
	at org.testng.SuiteRunner.runTest(SuiteRunner.java:380)
	at org.testng.SuiteRunner.runSequentially(SuiteRunner.java:375)
	at org.testng.SuiteRunner.privateRun(SuiteRunner.java:340)
	at org.testng.SuiteRunner.run(SuiteRunner.java:289)
	at org.testng.SuiteRunnerWorker.runSuite(SuiteRunnerWorker.java:52)
	at org.testng.SuiteRunnerWorker.run(SuiteRunnerWorker.java:86)
	at org.testng.TestNG.runSuitesSequentially(TestNG.java:1301)
	at org.testng.TestNG.runSuitesLocally(TestNG.java:1226)
	at org.testng.TestNG.runSuites(TestNG.java:1144)
	at org.testng.TestNG.run(TestNG.java:1115)
	at org.testng.remote.AbstractRemoteTestNG.run(AbstractRemoteTestNG.java:114)
	at org.testng.remote.RemoteTestNG.initAndRun(RemoteTestNG.java:251)
	at org.testng.remote.RemoteTestNG.main(RemoteTestNG.java:77)
Caused by: org.openqa.selenium.NoSuchElementException: Cannot locate an element using By.id: popup_message
For documentation on this error, please visit: http://seleniumhq.org/exceptions/no_such_element.html
Build info: version: '3.8.1', revision: '6e95a6684b', time: '2017-12-01T18:33:54.468Z'
System info: host: 'TH1554', ip: '172.16.10.63', os.name: 'Windows 8.1', os.arch: 'amd64', os.version: '6.3', java.version: '1.8.0_121'
Driver info: driver.version: unknown
	at org.openqa.selenium.support.ui.ExpectedConditions.lambda$findElement$0(ExpectedConditions.java:882)
	at java.util.Optional.orElseThrow(Unknown Source)
	at org.openqa.selenium.support.ui.ExpectedConditions.findElement(ExpectedConditions.java:881)
	at org.openqa.selenium.support.ui.ExpectedConditions.access$000(ExpectedConditions.java:43)
	at org.openqa.selenium.support.ui.ExpectedConditions$7.apply(ExpectedConditions.java:205)
	at org.openqa.selenium.support.ui.ExpectedConditions$7.apply(ExpectedConditions.java:201)
	at org.openqa.selenium.support.ui.FluentWait.until(FluentWait.java:208)
	... 29 more
]]>
    </error>
  </testcase> <!-- listBranchThree -->
  <testcase name="listBranchFive" time="67.079" classname="com.milvik.mip.branchmanagement.testrunner.MIP_ListBranch_Test"/>
  <testcase name="listBranchFour" time="67.429" classname="com.milvik.mip.branchmanagement.testrunner.MIP_ListBranch_Test"/>
  <testcase name="listBranchTwo" time="66.033" classname="com.milvik.mip.branchmanagement.testrunner.MIP_ListBranch_Test"/>
  <testcase name="listBranchOne" time="0.990" classname="com.milvik.mip.branchmanagement.testrunner.MIP_ListBranch_Test"/>
  <testcase name="listBranchSeven" time="2.095" classname="com.milvik.mip.branchmanagement.testrunner.MIP_ListBranch_Test"/>
  <testcase name="listBranchTwo" time="65.363" classname="com.milvik.mip.branchmanagement.testrunner.MIP_ListBranch_Test"/>
</testsuite> <!-- com.milvik.mip.branchmanagement.testrunner.MIP_ListBranch_Test -->
